0 info it worked if it ends with ok
1 verbose cli [ '/usr/local/bin/node', '/usr/local/bin/npm', 'run', 'debugall' ]
2 info using npm@4.1.2
3 info using node@v4.3.1
4 verbose run-script [ 'predebugall', 'debugall', 'postdebugall' ]
5 info lifecycle watchwatcher@0.0.1~predebugall: watchwatcher@0.0.1
6 silly lifecycle watchwatcher@0.0.1~predebugall: no script for predebugall, continuing
7 info lifecycle watchwatcher@0.0.1~debugall: watchwatcher@0.0.1
8 verbose lifecycle watchwatcher@0.0.1~debugall: unsafe-perm in lifecycle true
9 verbose lifecycle watchwatcher@0.0.1~debugall: PATH: /usr/local/lib/node_modules/npm/bin/node-gyp-bin:/Users/simongreig/GitHub/watchwatcher/node_modules/.bin:/usr/local/bin:/usr/bin:/bin:/usr/sbin:/sbin:/usr/local/MacGPG2/bin:/usr/local/Bluemix/bin
10 verbose lifecycle watchwatcher@0.0.1~debugall: CWD: /Users/simongreig/GitHub/watchwatcher
11 silly lifecycle watchwatcher@0.0.1~debugall: Args: [ '-c',
11 silly lifecycle   'NODE_ENV=test DEBUG=watchwatcher,watchwatcher-db node src/watchwatcher.js' ]
12 silly lifecycle watchwatcher@0.0.1~debugall: Returned: code: 1  signal: null
13 info lifecycle watchwatcher@0.0.1~debugall: Failed to exec debugall script
14 verbose stack Error: watchwatcher@0.0.1 debugall: `NODE_ENV=test DEBUG=watchwatcher,watchwatcher-db node src/watchwatcher.js`
14 verbose stack Exit status 1
14 verbose stack     at EventEmitter.<anonymous> (/usr/local/lib/node_modules/npm/lib/utils/lifecycle.js:279:16)
14 verbose stack     at emitTwo (events.js:87:13)
14 verbose stack     at EventEmitter.emit (events.js:172:7)
14 verbose stack     at ChildProcess.<anonymous> (/usr/local/lib/node_modules/npm/lib/utils/spawn.js:40:14)
14 verbose stack     at emitTwo (events.js:87:13)
14 verbose stack     at ChildProcess.emit (events.js:172:7)
14 verbose stack     at maybeClose (internal/child_process.js:821:16)
14 verbose stack     at Process.ChildProcess._handle.onexit (internal/child_process.js:211:5)
15 verbose pkgid watchwatcher@0.0.1
16 verbose cwd /Users/simongreig/GitHub/watchwatcher
17 error Darwin 17.4.0
18 error argv "/usr/local/bin/node" "/usr/local/bin/npm" "run" "debugall"
19 error node v4.3.1
20 error npm  v4.1.2
21 error code ELIFECYCLE
22 error watchwatcher@0.0.1 debugall: `NODE_ENV=test DEBUG=watchwatcher,watchwatcher-db node src/watchwatcher.js`
22 error Exit status 1
23 error Failed at the watchwatcher@0.0.1 debugall script 'NODE_ENV=test DEBUG=watchwatcher,watchwatcher-db node src/watchwatcher.js'.
23 error Make sure you have the latest version of node.js and npm installed.
23 error If you do, this is most likely a problem with the watchwatcher package,
23 error not with npm itself.
23 error Tell the author that this fails on your system:
23 error     NODE_ENV=test DEBUG=watchwatcher,watchwatcher-db node src/watchwatcher.js
23 error You can get information on how to open an issue for this project with:
23 error     npm bugs watchwatcher
23 error Or if that isn't available, you can get their info via:
23 error     npm owner ls watchwatcher
23 error There is likely additional logging output above.
24 verbose exit [ 1, true ]
